{"name":"Register a new user","id":"utest;register-a-new-user","testSteps":[{"number":1,"description":"Given set data in fields\r\n| strFirstName | strLastName | strEmailAddress | strCity | strZipCode |\r\n| Andres | bojorge | enanogeimer@gmail.com | Popayán | 190002 |","duration":24693,"startTime":"2022-03-31T14:11:33.524247-05:00[America/Bogota]","exception":{"errorType":"net.thucydides.core.webdriver.exceptions.ElementShouldBeEnabledException","message":"Expected enabled element was not enabled","stackTrace":[{"classLoaderName":"app","declaringClass":"co.com.choucair.certification.utest.tasks.Register","methodName":"performAs","fileName":"Register.java","lineNumber":34,"format":1},{"classLoaderName":"app","declaringClass":"co.com.choucair.certification.utest.stepdefinitions.UtestStepDefinitions","methodName":"setDataInFields","fileName":"UtestStepDefinitions.java","lineNumber":45,"format":1},{"classLoaderName":"app","declaringClass":"cucumber.runner.Runner","methodName":"runPickle","fileName":"Runner.java","lineNumber":80,"format":1}],"rootCause":{"errorType":"org.openqa.selenium.TimeoutException","message":"Expected condition failed: waiting for By.xpath: //placeholder[contains(text(), \u0027Select a Version\u0027)] to be enabled (tried for 5 second(s) with 100 milliseconds interval)","stackTrace":[{"classLoaderName":"app","declaringClass":"co.com.choucair.certification.utest.tasks.Register","methodName":"performAs","fileName":"Register.java","lineNumber":34,"format":1},{"classLoaderName":"app","declaringClass":"co.com.choucair.certification.utest.stepdefinitions.UtestStepDefinitions","methodName":"setDataInFields","fileName":"UtestStepDefinitions.java","lineNumber":45,"format":1},{"classLoaderName":"app","declaringClass":"cucumber.runner.Runner","methodName":"runPickle","fileName":"Runner.java","lineNumber":80,"format":1}],"rootCause":{"errorType":"org.openqa.selenium.NoSuchElementException","message":"no such element: Unable to locate element: {\"method\":\"xpath\",\"selector\":\"//placeholder[contains(text(), \u0027Select a Version\u0027)]\"}\n  (Session info: chrome\u003d100.0.4896.60)\nFor documentation on this error, please visit: https://www.seleniumhq.org/exceptions/no_such_element.html\nBuild info: version: \u00273.141.59\u0027, revision: \u0027e82be7d358\u0027, time: \u00272018-11-14T08:17:03\u0027\nSystem info: host: \u0027DESKTOP-KGNRJ35\u0027, ip: \u0027192.168.0.15\u0027, os.name: \u0027Windows 10\u0027, os.arch: \u0027amd64\u0027, os.version: \u002710.0\u0027, java.version: \u002711.0.14.1\u0027\nDriver info: org.openqa.selenium.chrome.ChromeDriver\nCapabilities {acceptInsecureCerts: false, browserName: chrome, browserVersion: 100.0.4896.60, chrome: {chromedriverVersion: 100.0.4896.60 (6a5d10861ce8..., userDataDir: C:\\Users\\Deybison\\AppData\\L...}, goog:chromeOptions: {debuggerAddress: localhost:57490}, javascriptEnabled: true, networkConnectionEnabled: false, pageLoadStrategy: normal, platform: WINDOWS, platformName: WINDOWS, proxy: Proxy(), setWindowRect: true, strictFileInteractability: false, timeouts: {implicit: 0, pageLoad: 300000, script: 30000}, unhandledPromptBehavior: dismiss and notify, webauthn:extension:credBlob: true, webauthn:extension:largeBlob: true, webauthn:virtualAuthenticators: true}\nSession ID: 21c35c11fe8a2c6a82bedca414f39bfe\n*** Element info: {Using\u003dxpath, value\u003d//placeholder[contains(text(), \u0027Select a Version\u0027)]}","stackTrace":[{"classLoaderName":"app","declaringClass":"co.com.choucair.certification.utest.tasks.Register","methodName":"performAs","fileName":"Register.java","lineNumber":34,"format":1},{"classLoaderName":"app","declaringClass":"co.com.choucair.certification.utest.stepdefinitions.UtestStepDefinitions","methodName":"setDataInFields","fileName":"UtestStepDefinitions.java","lineNumber":45,"format":1},{"classLoaderName":"app","declaringClass":"cucumber.runner.Runner","methodName":"runPickle","fileName":"Runner.java","lineNumber":80,"format":1}]}}},"result":"FAILURE","precondition":false,"level":0,"lineNumber":0,"children":[{"number":2,"description":"Deybison open up","duration":4887,"startTime":"2022-03-31T14:11:33.535217300-05:00[America/Bogota]","screenshots":[{"screenshot":"19009caa004a30e0a492dc36b373966099281e6b07bcc792186b727a79c8e370.png","timeStamp":1648753898423}],"result":"SUCCESS","precondition":false,"level":1,"lineNumber":0,"children":[{"number":3,"description":"Deybison opens the Utest page","duration":4874,"startTime":"2022-03-31T14:11:33.540205800-05:00[America/Bogota]","screenshots":[{"screenshot":"19009caa004a30e0a492dc36b373966099281e6b07bcc792186b727a79c8e370.png","timeStamp":1648753898415}],"result":"SUCCESS","precondition":false,"level":2,"lineNumber":0}]},{"number":4,"description":"Deybison register","duration":19785,"startTime":"2022-03-31T14:11:38.424003800-05:00[America/Bogota]","exception":{"errorType":"net.thucydides.core.webdriver.exceptions.ElementShouldBeEnabledException","message":"Expected enabled element was not enabled","stackTrace":[{"classLoaderName":"app","declaringClass":"co.com.choucair.certification.utest.tasks.Register","methodName":"performAs","fileName":"Register.java","lineNumber":34,"format":1},{"classLoaderName":"app","declaringClass":"co.com.choucair.certification.utest.stepdefinitions.UtestStepDefinitions","methodName":"setDataInFields","fileName":"UtestStepDefinitions.java","lineNumber":45,"format":1},{"classLoaderName":"app","declaringClass":"cucumber.runner.Runner","methodName":"runPickle","fileName":"Runner.java","lineNumber":80,"format":1}],"rootCause":{"errorType":"org.openqa.selenium.TimeoutException","message":"Expected condition failed: waiting for By.xpath: //placeholder[contains(text(), \u0027Select a Version\u0027)] to be enabled (tried for 5 second(s) with 100 milliseconds interval)","stackTrace":[{"classLoaderName":"app","declaringClass":"co.com.choucair.certification.utest.tasks.Register","methodName":"performAs","fileName":"Register.java","lineNumber":34,"format":1},{"classLoaderName":"app","declaringClass":"co.com.choucair.certification.utest.stepdefinitions.UtestStepDefinitions","methodName":"setDataInFields","fileName":"UtestStepDefinitions.java","lineNumber":45,"format":1},{"classLoaderName":"app","declaringClass":"cucumber.runner.Runner","methodName":"runPickle","fileName":"Runner.java","lineNumber":80,"format":1}],"rootCause":{"errorType":"org.openqa.selenium.NoSuchElementException","message":"no such element: Unable to locate element: {\"method\":\"xpath\",\"selector\":\"//placeholder[contains(text(), \u0027Select a Version\u0027)]\"}\n  (Session info: chrome\u003d100.0.4896.60)\nFor documentation on this error, please visit: https://www.seleniumhq.org/exceptions/no_such_element.html\nBuild info: version: \u00273.141.59\u0027, revision: \u0027e82be7d358\u0027, time: \u00272018-11-14T08:17:03\u0027\nSystem info: host: \u0027DESKTOP-KGNRJ35\u0027, ip: \u0027192.168.0.15\u0027, os.name: \u0027Windows 10\u0027, os.arch: \u0027amd64\u0027, os.version: \u002710.0\u0027, java.version: \u002711.0.14.1\u0027\nDriver info: org.openqa.selenium.chrome.ChromeDriver\nCapabilities {acceptInsecureCerts: false, browserName: chrome, browserVersion: 100.0.4896.60, chrome: {chromedriverVersion: 100.0.4896.60 (6a5d10861ce8..., userDataDir: C:\\Users\\Deybison\\AppData\\L...}, goog:chromeOptions: {debuggerAddress: localhost:57490}, javascriptEnabled: true, networkConnectionEnabled: false, pageLoadStrategy: normal, platform: WINDOWS, platformName: WINDOWS, proxy: Proxy(), setWindowRect: true, strictFileInteractability: false, timeouts: {implicit: 0, pageLoad: 300000, script: 30000}, unhandledPromptBehavior: dismiss and notify, webauthn:extension:credBlob: true, webauthn:extension:largeBlob: true, webauthn:virtualAuthenticators: true}\nSession ID: 21c35c11fe8a2c6a82bedca414f39bfe\n*** Element info: {Using\u003dxpath, value\u003d//placeholder[contains(text(), \u0027Select a Version\u0027)]}","stackTrace":[{"classLoaderName":"app","declaringClass":"co.com.choucair.certification.utest.tasks.Register","methodName":"performAs","fileName":"Register.java","lineNumber":34,"format":1},{"classLoaderName":"app","declaringClass":"co.com.choucair.certification.utest.stepdefinitions.UtestStepDefinitions","methodName":"setDataInFields","fileName":"UtestStepDefinitions.java","lineNumber":45,"format":1},{"classLoaderName":"app","declaringClass":"cucumber.runner.Runner","methodName":"runPickle","fileName":"Runner.java","lineNumber":80,"format":1}]}}},"result":"FAILURE","precondition":false,"level":1,"lineNumber":0,"children":[{"number":5,"description":"Deybison clicks on button register","duration":383,"startTime":"2022-03-31T14:11:38.483841900-05:00[America/Bogota]","screenshots":[{"screenshot":"d93a579f90fbed431ec6c661dc73c8a8dc3a1bcf49c959af2cafb58aca59f65e.png","timeStamp":1648753898866}],"result":"SUCCESS","precondition":false,"level":2,"lineNumber":0},{"number":6,"description":"Deybison enters \u0027Andres\u0027 into where do we write the first name","duration":485,"startTime":"2022-03-31T14:11:38.867937500-05:00[America/Bogota]","screenshots":[{"screenshot":"d6f58948a1f08dee7cb1174d5e2f0104d1c3741ac30054c07619fc27c573e039.png","timeStamp":1648753899353}],"result":"SUCCESS","precondition":false,"level":2,"lineNumber":0},{"number":7,"description":"Deybison enters \u0027bojorge\u0027 into where do we write the last name","duration":667,"startTime":"2022-03-31T14:11:39.355633700-05:00[America/Bogota]","screenshots":[{"screenshot":"b77a61f4008082b0e86f1cbb8f8fb8544393a3ad627bc8a1b839df159af78811.png","timeStamp":1648753900023}],"result":"SUCCESS","precondition":false,"level":2,"lineNumber":0},{"number":8,"description":"Deybison enters \u0027enanogeimer@gmail.com\u0027 into where do we write the email","duration":972,"startTime":"2022-03-31T14:11:40.025010200-05:00[America/Bogota]","screenshots":[{"screenshot":"04ac2b4055c93eb2d55b867e3baef814e10880f448ac3056a01d5311ba3bca99.png","timeStamp":1648753900997}],"result":"SUCCESS","precondition":false,"level":2,"lineNumber":0},{"number":9,"description":"Deybison clicks on where do we write the month","duration":560,"startTime":"2022-03-31T14:11:40.999649100-05:00[America/Bogota]","screenshots":[{"screenshot":"abdb0c48d111c5b7a10dc5f39ac62e13abf2ed590c9d5833ed6f36e931b8a570.png","timeStamp":1648753901559}],"result":"SUCCESS","precondition":false,"level":2,"lineNumber":0},{"number":10,"description":"Deybison clicks on where do we write the month","duration":450,"startTime":"2022-03-31T14:11:41.560707600-05:00[America/Bogota]","screenshots":[{"screenshot":"b794850f71a7cdfc9f24217bdb75c3b8635250b28b9c8ac96324b31e7f059c08.png","timeStamp":1648753902010}],"result":"SUCCESS","precondition":false,"level":2,"lineNumber":0},{"number":11,"description":"Deybison clicks on where do we write the day","duration":481,"startTime":"2022-03-31T14:11:42.012501700-05:00[America/Bogota]","screenshots":[{"screenshot":"602fbc1e5e63e748583f43967399e10d345a29a05d75c9e48b20be57676f3289.png","timeStamp":1648753902494}],"result":"SUCCESS","precondition":false,"level":2,"lineNumber":0},{"number":12,"description":"Deybison clicks on where do we write the day","duration":466,"startTime":"2022-03-31T14:11:42.495475800-05:00[America/Bogota]","screenshots":[{"screenshot":"fb35efa7d67e864637eadf8d6ff0298fed21cfe42ca401772dc36f200540404e.png","timeStamp":1648753902962}],"result":"SUCCESS","precondition":false,"level":2,"lineNumber":0},{"number":13,"description":"Deybison clicks on where do we write the year","duration":500,"startTime":"2022-03-31T14:11:42.963025-05:00[America/Bogota]","screenshots":[{"screenshot":"cef9fe1949a7e6d5c1e99f079af2519b4bae5707176df5ffdbe3bb40032376ef.png","timeStamp":1648753903463}],"result":"SUCCESS","precondition":false,"level":2,"lineNumber":0},{"number":14,"description":"Deybison clicks on where do we write the year","duration":501,"startTime":"2022-03-31T14:11:43.464686200-05:00[America/Bogota]","screenshots":[{"screenshot":"cf2bbe77ac9c07cd18bc6a831950809182d86f8d3b5614bd3a383f2fa6f76b2e.png","timeStamp":1648753903966}],"result":"SUCCESS","precondition":false,"level":2,"lineNumber":0},{"number":15,"description":"Deybison clicks on next button","duration":522,"startTime":"2022-03-31T14:11:43.967193300-05:00[America/Bogota]","screenshots":[{"screenshot":"c7fef8c4b105b449d3e1ba41e28a6e608a9e8c9d47d29ac87525e57c56baa6d6.png","timeStamp":1648753904488}],"result":"SUCCESS","precondition":false,"level":2,"lineNumber":0},{"number":16,"description":"Deybison enters \u0027Popayán\u0027 into where do we write the city","duration":660,"startTime":"2022-03-31T14:11:44.490811600-05:00[America/Bogota]","screenshots":[{"screenshot":"a51883a668238123d1a161e37d1aa8e2948f8ca6ad3f5451f5f343010b2d4d68.png","timeStamp":1648753905151}],"result":"SUCCESS","precondition":false,"level":2,"lineNumber":0},{"number":17,"description":"Deybison enters \u0027190002\u0027 into where do we write the city","duration":605,"startTime":"2022-03-31T14:11:45.152274300-05:00[America/Bogota]","screenshots":[{"screenshot":"5ebb310a512eed3fa645d666c559e7381711116e9c404dcf0fd6c3fa71326b5a.png","timeStamp":1648753905757}],"result":"SUCCESS","precondition":false,"level":2,"lineNumber":0},{"number":18,"description":"Deybison clicks on where do we write the city","duration":1337,"startTime":"2022-03-31T14:11:45.758718500-05:00[America/Bogota]","screenshots":[{"screenshot":"2ca63fe5aa858a29535b9518a18f0fd515d4ab784d372b78fd7404fd0ac797ab.png","timeStamp":1648753907096}],"result":"SUCCESS","precondition":false,"level":2,"lineNumber":0},{"number":19,"description":"Deybison clicks on next button","duration":568,"startTime":"2022-03-31T14:11:47.097002800-05:00[America/Bogota]","screenshots":[{"screenshot":"5f4c9fab7dbf2665997fd30122e129ec9ecae729b5055a7e48f996795f53c8e8.png","timeStamp":1648753907665}],"result":"SUCCESS","precondition":false,"level":2,"lineNumber":0},{"number":20,"description":"Deybison clicks on where do we write the city","duration":10534,"startTime":"2022-03-31T14:11:47.666567300-05:00[America/Bogota]","screenshots":[{"screenshot":"77a672e21b82380938788a22a95147b79eeb65be8d19d941698618b92fc1a7e8.png","htmlSource":"pagesource212304028019322655.html.txt","timeStamp":1648753918198}],"exception":{"errorType":"net.thucydides.core.webdriver.exceptions.ElementShouldBeEnabledException","message":"Expected enabled element was not enabled","stackTrace":[{"classLoaderName":"app","declaringClass":"co.com.choucair.certification.utest.tasks.Register","methodName":"performAs","fileName":"Register.java","lineNumber":34,"format":1},{"classLoaderName":"app","declaringClass":"co.com.choucair.certification.utest.stepdefinitions.UtestStepDefinitions","methodName":"setDataInFields","fileName":"UtestStepDefinitions.java","lineNumber":45,"format":1},{"classLoaderName":"app","declaringClass":"cucumber.runner.Runner","methodName":"runPickle","fileName":"Runner.java","lineNumber":80,"format":1}],"rootCause":{"errorType":"org.openqa.selenium.TimeoutException","message":"Expected condition failed: waiting for By.xpath: //placeholder[contains(text(), \u0027Select a Version\u0027)] to be enabled (tried for 5 second(s) with 100 milliseconds interval)","stackTrace":[{"classLoaderName":"app","declaringClass":"co.com.choucair.certification.utest.tasks.Register","methodName":"performAs","fileName":"Register.java","lineNumber":34,"format":1},{"classLoaderName":"app","declaringClass":"co.com.choucair.certification.utest.stepdefinitions.UtestStepDefinitions","methodName":"setDataInFields","fileName":"UtestStepDefinitions.java","lineNumber":45,"format":1},{"classLoaderName":"app","declaringClass":"cucumber.runner.Runner","methodName":"runPickle","fileName":"Runner.java","lineNumber":80,"format":1}],"rootCause":{"errorType":"org.openqa.selenium.NoSuchElementException","message":"no such element: Unable to locate element: {\"method\":\"xpath\",\"selector\":\"//placeholder[contains(text(), \u0027Select a Version\u0027)]\"}\n  (Session info: chrome\u003d100.0.4896.60)\nFor documentation on this error, please visit: https://www.seleniumhq.org/exceptions/no_such_element.html\nBuild info: version: \u00273.141.59\u0027, revision: \u0027e82be7d358\u0027, time: \u00272018-11-14T08:17:03\u0027\nSystem info: host: \u0027DESKTOP-KGNRJ35\u0027, ip: \u0027192.168.0.15\u0027, os.name: \u0027Windows 10\u0027, os.arch: \u0027amd64\u0027, os.version: \u002710.0\u0027, java.version: \u002711.0.14.1\u0027\nDriver info: org.openqa.selenium.chrome.ChromeDriver\nCapabilities {acceptInsecureCerts: false, browserName: chrome, browserVersion: 100.0.4896.60, chrome: {chromedriverVersion: 100.0.4896.60 (6a5d10861ce8..., userDataDir: C:\\Users\\Deybison\\AppData\\L...}, goog:chromeOptions: {debuggerAddress: localhost:57490}, javascriptEnabled: true, networkConnectionEnabled: false, pageLoadStrategy: normal, platform: WINDOWS, platformName: WINDOWS, proxy: Proxy(), setWindowRect: true, strictFileInteractability: false, timeouts: {implicit: 0, pageLoad: 300000, script: 30000}, unhandledPromptBehavior: dismiss and notify, webauthn:extension:credBlob: true, webauthn:extension:largeBlob: true, webauthn:virtualAuthenticators: true}\nSession ID: 21c35c11fe8a2c6a82bedca414f39bfe\n*** Element info: {Using\u003dxpath, value\u003d//placeholder[contains(text(), \u0027Select a Version\u0027)]}","stackTrace":[{"classLoaderName":"app","declaringClass":"co.com.choucair.certification.utest.tasks.Register","methodName":"performAs","fileName":"Register.java","lineNumber":34,"format":1},{"classLoaderName":"app","declaringClass":"co.com.choucair.certification.utest.stepdefinitions.UtestStepDefinitions","methodName":"setDataInFields","fileName":"UtestStepDefinitions.java","lineNumber":45,"format":1},{"classLoaderName":"app","declaringClass":"cucumber.runner.Runner","methodName":"runPickle","fileName":"Runner.java","lineNumber":80,"format":1}]}}},"result":"FAILURE","precondition":false,"level":2,"lineNumber":0}]}]}],"userStory":{"id":"utest","storyName":"Utest","path":"src/test/resources/features/utest.feature","narrative":"  As a user, I want to learn how to automate in screamplay at Utest page practice","type":"feature"},"featureTag":{"name":"Features/Utest","type":"feature","displayName":"Features/Utest"},"title":"Register a new user","tags":[{"name":"scenario2","type":"tag","displayName":"scenario2"},{"name":"Utest","type":"feature","displayName":"Utest"},{"name":"stories","type":"tag","displayName":"stories"}],"startTime":"2022-03-31T14:11:33.520258200-05:00[America/Bogota]","duration":24709,"testFailureCause":{"errorType":"net.thucydides.core.webdriver.exceptions.ElementShouldBeEnabledException","message":"Expected enabled element was not enabled","stackTrace":[{"classLoaderName":"app","declaringClass":"co.com.choucair.certification.utest.tasks.Register","methodName":"performAs","fileName":"Register.java","lineNumber":34,"format":1},{"classLoaderName":"app","declaringClass":"co.com.choucair.certification.utest.stepdefinitions.UtestStepDefinitions","methodName":"setDataInFields","fileName":"UtestStepDefinitions.java","lineNumber":45,"format":1},{"classLoaderName":"app","declaringClass":"cucumber.runner.Runner","methodName":"runPickle","fileName":"Runner.java","lineNumber":80,"format":1}],"rootCause":{"errorType":"org.openqa.selenium.TimeoutException","message":"Expected condition failed: waiting for By.xpath: //placeholder[contains(text(), \u0027Select a Version\u0027)] to be enabled (tried for 5 second(s) with 100 milliseconds interval)","stackTrace":[{"classLoaderName":"app","declaringClass":"co.com.choucair.certification.utest.tasks.Register","methodName":"performAs","fileName":"Register.java","lineNumber":34,"format":1},{"classLoaderName":"app","declaringClass":"co.com.choucair.certification.utest.stepdefinitions.UtestStepDefinitions","methodName":"setDataInFields","fileName":"UtestStepDefinitions.java","lineNumber":45,"format":1},{"classLoaderName":"app","declaringClass":"cucumber.runner.Runner","methodName":"runPickle","fileName":"Runner.java","lineNumber":80,"format":1}],"rootCause":{"errorType":"org.openqa.selenium.NoSuchElementException","message":"no such element: Unable to locate element: {\"method\":\"xpath\",\"selector\":\"//placeholder[contains(text(), \u0027Select a Version\u0027)]\"}\n  (Session info: chrome\u003d100.0.4896.60)\nFor documentation on this error, please visit: https://www.seleniumhq.org/exceptions/no_such_element.html\nBuild info: version: \u00273.141.59\u0027, revision: \u0027e82be7d358\u0027, time: \u00272018-11-14T08:17:03\u0027\nSystem info: host: \u0027DESKTOP-KGNRJ35\u0027, ip: \u0027192.168.0.15\u0027, os.name: \u0027Windows 10\u0027, os.arch: \u0027amd64\u0027, os.version: \u002710.0\u0027, java.version: \u002711.0.14.1\u0027\nDriver info: org.openqa.selenium.chrome.ChromeDriver\nCapabilities {acceptInsecureCerts: false, browserName: chrome, browserVersion: 100.0.4896.60, chrome: {chromedriverVersion: 100.0.4896.60 (6a5d10861ce8..., userDataDir: C:\\Users\\Deybison\\AppData\\L...}, goog:chromeOptions: {debuggerAddress: localhost:57490}, javascriptEnabled: true, networkConnectionEnabled: false, pageLoadStrategy: normal, platform: WINDOWS, platformName: WINDOWS, proxy: Proxy(), setWindowRect: true, strictFileInteractability: false, timeouts: {implicit: 0, pageLoad: 300000, script: 30000}, unhandledPromptBehavior: dismiss and notify, webauthn:extension:credBlob: true, webauthn:extension:largeBlob: true, webauthn:virtualAuthenticators: true}\nSession ID: 21c35c11fe8a2c6a82bedca414f39bfe\n*** Element info: {Using\u003dxpath, value\u003d//placeholder[contains(text(), \u0027Select a Version\u0027)]}","stackTrace":[{"classLoaderName":"app","declaringClass":"co.com.choucair.certification.utest.tasks.Register","methodName":"performAs","fileName":"Register.java","lineNumber":34,"format":1},{"classLoaderName":"app","declaringClass":"co.com.choucair.certification.utest.stepdefinitions.UtestStepDefinitions","methodName":"setDataInFields","fileName":"UtestStepDefinitions.java","lineNumber":45,"format":1},{"classLoaderName":"app","declaringClass":"cucumber.runner.Runner","methodName":"runPickle","fileName":"Runner.java","lineNumber":80,"format":1}]}}},"testFailureClassname":"net.thucydides.core.webdriver.exceptions.ElementShouldBeEnabledException","testFailureMessage":"Expected enabled element was not enabled","testFailureSummary":"FAILURE;net.thucydides.core.webdriver.exceptions.ElementShouldBeEnabledException;Expected enabled element was not enabled;Register.java","projectKey":"","annotatedResult":"FAILURE","sessionId":"21c35c11fe8a2c6a82bedca414f39bfe","driver":"chrome:deybison","isManualTestingUpToDate":false,"manual":false,"testSource":"Cucumber","actors":[{"name":"Deybison","can":["browse the web"]}],"result":"FAILURE"}