<?xml version="1.0" encoding="UTF-8"?><testsuite errors="0" failures="1" name="Utest" skipped="0" tests="2" time="38.23" timestamp="2022-03-31 02:11:19"><testcase name="Login the user"/><testcase name="Register a new user"><failure message="Expected enabled element was not enabled" type="net.thucydides.core.webdriver.exceptions.ElementShouldBeEnabledException">Expected enabled element was not enabled</failure><system-err>Expected enabled element was not enabled&#13;
co.com.choucair.certification.utest.tasks.Register.performAs(Register.java:34)&#13;
co.com.choucair.certification.utest.stepdefinitions.UtestStepDefinitions.setDataInFields(UtestStepDefinitions.java:45)&#13;
cucumber.runner.Runner.runPickle(Runner.java:80)&#13;
</system-err></testcase></testsuite>